Collecting sentence-transformers==2.2.2
  Using cached sentence-transformers-2.2.2.tar.gz (85 kB)
  Preparing metadata (setup.py): started
  Preparing metadata (setup.py): finished with status 'done'
Collecting supabase==1.0.3
  Using cached supabase-1.0.3-py3-none-any.whl.metadata (8.9 kB)
Collecting httpx<0.24.0,>=0.23.0
  Using cached httpx-0.23.3-py3-none-any.whl.metadata (7.1 kB)
Collecting transformers<5.0.0,>=4.6.0 (from sentence-transformers==2.2.2)
  Using cached transformers-4.52.3-py3-none-any.whl.metadata (40 kB)
Collecting tqdm (from sentence-transformers==2.2.2)
  Using cached tqdm-4.67.1-py3-none-any.whl.metadata (57 kB)
Collecting torch>=1.6.0 (from sentence-transformers==2.2.2)
  Using cached torch-2.7.0-cp311-cp311-manylinux_2_28_aarch64.whl.metadata (29 kB)
Collecting torchvision (from sentence-transformers==2.2.2)
  Using cached torchvision-0.22.0-cp311-cp311-manylinux_2_28_aarch64.whl.metadata (6.1 kB)
Requirement already satisfied: numpy in /usr/local/lib/python3.11/site-packages (from sentence-transformers==2.2.2) (2.2.4)
Collecting scikit-learn (from sentence-transformers==2.2.2)
  Using cached scikit_learn-1.6.1-cp311-cp311-manylinux_2_17_aarch64.manylinux2014_aarch64.whl.metadata (18 kB)
Collecting scipy (from sentence-transformers==2.2.2)
  Using cached scipy-1.15.3-cp311-cp311-manylinux_2_17_aarch64.manylinux2014_aarch64.whl.metadata (61 kB)
Collecting nltk (from sentence-transformers==2.2.2)
  Using cached nltk-3.9.1-py3-none-any.whl.metadata (2.9 kB)
Collecting sentencepiece (from sentence-transformers==2.2.2)
  Using cached sentencepiece-0.2.0-cp311-cp311-manylinux_2_17_aarch64.manylinux2014_aarch64.whl.metadata (7.7 kB)
Collecting huggingface-hub>=0.4.0 (from sentence-transformers==2.2.2)
  Using cached huggingface_hub-0.32.1-py3-none-any.whl.metadata (14 kB)
Collecting gotrue<2.0.0,>=1.0.1 (from supabase==1.0.3)
  Using cached gotrue-1.3.1-py3-none-any.whl.metadata (5.9 kB)
Collecting postgrest<0.11.0,>=0.10.6 (from supabase==1.0.3)
  Using cached postgrest-0.10.8-py3-none-any.whl.metadata (5.1 kB)
Collecting python-semantic-release==7.33.2 (from supabase==1.0.3)
  Using cached python_semantic_release-7.33.2-py3-none-any.whl.metadata (1.8 kB)
Collecting realtime<2.0.0,>=1.0.0 (from supabase==1.0.3)
  Using cached realtime-1.0.6-py3-none-any.whl.metadata (2.6 kB)
Collecting storage3<0.6.0,>=0.5.2 (from supabase==1.0.3)
  Using cached storage3-0.5.4-py3-none-any.whl.metadata (1.8 kB)
Collecting supafunc<0.3.0,>=0.2.2 (from supabase==1.0.3)
  Using cached supafunc-0.2.4-py3-none-any.whl.metadata (1.1 kB)
Requirement already satisfied: click<9,>=7 in /usr/local/lib/python3.11/site-packages (from python-semantic-release==7.33.2->supabase==1.0.3) (8.1.8)
Collecting click-log<1,>=0.3 (from python-semantic-release==7.33.2->supabase==1.0.3)
  Using cached click_log-0.4.0-py2.py3-none-any.whl.metadata (1.2 kB)
Requirement already satisfied: gitpython<4,>=3.0.8 in /usr/local/lib/python3.11/site-packages (from python-semantic-release==7.33.2->supabase==1.0.3) (3.1.44)
Collecting invoke<2,>=1.4.1 (from python-semantic-release==7.33.2->supabase==1.0.3)
  Using cached invoke-1.7.3-py3-none-any.whl.metadata (3.3 kB)
Collecting semver<3,>=2.10 (from python-semantic-release==7.33.2->supabase==1.0.3)
  Using cached semver-2.13.0-py2.py3-none-any.whl.metadata (5.0 kB)
Collecting twine<4,>=3 (from python-semantic-release==7.33.2->supabase==1.0.3)
  Using cached twine-3.8.0-py3-none-any.whl.metadata (3.5 kB)
Requirement already satisfied: requests<3,>=2.25 in /usr/local/lib/python3.11/site-packages (from python-semantic-release==7.33.2->supabase==1.0.3) (2.32.3)
Requirement already satisfied: wheel in /usr/local/lib/python3.11/site-packages (from python-semantic-release==7.33.2->supabase==1.0.3) (0.45.1)
Collecting python-gitlab<4,>=2 (from python-semantic-release==7.33.2->supabase==1.0.3)
  Using cached python_gitlab-3.15.0-py3-none-any.whl.metadata (7.3 kB)
Collecting tomlkit~=0.10 (from python-semantic-release==7.33.2->supabase==1.0.3)
  Using cached tomlkit-0.13.2-py3-none-any.whl.metadata (2.7 kB)
Collecting dotty-dict<2,>=1.3.0 (from python-semantic-release==7.33.2->supabase==1.0.3)
  Using cached dotty_dict-1.3.1-py3-none-any.whl.metadata (5.3 kB)
Requirement already satisfied: packaging in /usr/local/lib/python3.11/site-packages (from python-semantic-release==7.33.2->supabase==1.0.3) (24.2)
Requirement already satisfied: certifi in /usr/local/lib/python3.11/site-packages (from httpx<0.24.0,>=0.23.0) (2025.1.31)
Collecting httpcore<0.17.0,>=0.15.0 (from httpx<0.24.0,>=0.23.0)
  Using cached httpcore-0.16.3-py3-none-any.whl.metadata (16 kB)
Collecting rfc3986<2,>=1.3 (from rfc3986[idna2008]<2,>=1.3->httpx<0.24.0,>=0.23.0)
  Using cached rfc3986-1.5.0-py2.py3-none-any.whl.metadata (6.5 kB)
Requirement already satisfied: sniffio in /usr/local/lib/python3.11/site-packages (from httpx<0.24.0,>=0.23.0) (1.3.1)
Requirement already satisfied: pydantic<3,>=1.10 in /usr/local/lib/python3.11/site-packages (from gotrue<2.0.0,>=1.0.1->supabase==1.0.3) (2.11.3)
Requirement already satisfied: h11<0.15,>=0.13 in /usr/local/lib/python3.11/site-packages (from httpcore<0.17.0,>=0.15.0->httpx<0.24.0,>=0.23.0) (0.14.0)
Requirement already satisfied: anyio<5.0,>=3.0 in /usr/local/lib/python3.11/site-packages (from httpcore<0.17.0,>=0.15.0->httpx<0.24.0,>=0.23.0) (4.9.0)
Collecting filelock (from huggingface-hub>=0.4.0->sentence-transformers==2.2.2)
  Using cached filelock-3.18.0-py3-none-any.whl.metadata (2.9 kB)
Collecting fsspec>=2023.5.0 (from huggingface-hub>=0.4.0->sentence-transformers==2.2.2)
  Using cached fsspec-2025.5.1-py3-none-any.whl.metadata (11 kB)
Collecting pyyaml>=5.1 (from huggingface-hub>=0.4.0->sentence-transformers==2.2.2)
  Using cached PyYAML-6.0.2-cp311-cp311-manylinux_2_17_aarch64.manylinux2014_aarch64.whl.metadata (2.1 kB)
Requirement already satisfied: typing-extensions>=3.7.4.3 in /usr/local/lib/python3.11/site-packages (from huggingface-hub>=0.4.0->sentence-transformers==2.2.2) (4.13.1)
Collecting hf-xet<2.0.0,>=1.1.2 (from huggingface-hub>=0.4.0->sentence-transformers==2.2.2)
  Using cached hf_xet-1.1.2-cp37-abi3-manylinux_2_28_aarch64.whl.metadata (879 bytes)
Collecting deprecation<3.0.0,>=2.1.0 (from postgrest<0.11.0,>=0.10.6->supabase==1.0.3)
  Downloading deprecation-2.1.0-py2.py3-none-any.whl.metadata (4.6 kB)
INFO: pip is looking at multiple versions of postgrest to determine which version is compatible with other requirements. This could take a while.
Collecting postgrest<0.11.0,>=0.10.6 (from supabase==1.0.3)
  Downloading postgrest-0.10.7-py3-none-any.whl.metadata (5.1 kB)
Collecting strenum<0.5.0,>=0.4.9 (from postgrest<0.11.0,>=0.10.6->supabase==1.0.3)
  Downloading StrEnum-0.4.15-py3-none-any.whl.metadata (5.3 kB)
Requirement already satisfied: python-dateutil<3.0.0,>=2.8.1 in /usr/local/lib/python3.11/site-packages (from realtime<2.0.0,>=1.0.0->supabase==1.0.3) (2.9.0.post0)
Collecting websockets<13,>=11 (from realtime<2.0.0,>=1.0.0->supabase==1.0.3)
  Downloading websockets-12.0-cp311-cp311-manylinux_2_17_aarch64.manylinux2014_aarch64.whl.metadata (6.6 kB)
Requirement already satisfied: idna in /usr/local/lib/python3.11/site-packages (from rfc3986[idna2008]<2,>=1.3->httpx<0.24.0,>=0.23.0) (3.10)
INFO: pip is looking at multiple versions of storage3 to determine which version is compatible with other requirements. This could take a while.
Collecting storage3<0.6.0,>=0.5.2 (from supabase==1.0.3)
  Downloading storage3-0.5.3-py3-none-any.whl.metadata (1.8 kB)
INFO: pip is looking at multiple versions of supafunc to determine which version is compatible with other requirements. This could take a while.
Collecting supafunc<0.3.0,>=0.2.2 (from supabase==1.0.3)
  Downloading supafunc-0.2.3-py3-none-any.whl.metadata (522 bytes)
  Downloading supafunc-0.2.2-py3-none-any.whl.metadata (521 bytes)
Collecting sympy>=1.13.3 (from torch>=1.6.0->sentence-transformers==2.2.2)
  Downloading sympy-1.14.0-py3-none-any.whl.metadata (12 kB)
Collecting networkx (from torch>=1.6.0->sentence-transformers==2.2.2)
  Downloading networkx-3.4.2-py3-none-any.whl.metadata (6.3 kB)
Collecting jinja2 (from torch>=1.6.0->sentence-transformers==2.2.2)
  Downloading jinja2-3.1.6-py3-none-any.whl.metadata (2.9 kB)
Collecting regex!=2019.12.17 (from transformers<5.0.0,>=4.6.0->sentence-transformers==2.2.2)
  Downloading regex-2024.11.6-cp311-cp311-manylinux_2_17_aarch64.manylinux2014_aarch64.whl.metadata (40 kB)
     ━━━━━━━━━━━━━━━━━━━━━━━━━━━━━━━━━━━━━━━━ 40.5/40.5 kB 3.1 MB/s eta 0:00:00
Collecting tokenizers<0.22,>=0.21 (from transformers<5.0.0,>=4.6.0->sentence-transformers==2.2.2)
  Downloading tokenizers-0.21.1-cp39-abi3-manylinux_2_17_aarch64.manylinux2014_aarch64.whl.metadata (6.8 kB)
Collecting safetensors>=0.4.3 (from transformers<5.0.0,>=4.6.0->sentence-transformers==2.2.2)
  Downloading safetensors-0.5.3-cp38-abi3-manylinux_2_17_aarch64.manylinux2014_aarch64.whl.metadata (3.8 kB)
Collecting joblib (from nltk->sentence-transformers==2.2.2)
  Downloading joblib-1.5.1-py3-none-any.whl.metadata (5.6 kB)
Collecting threadpoolctl>=3.1.0 (from scikit-learn->sentence-transformers==2.2.2)
  Downloading threadpoolctl-3.6.0-py3-none-any.whl.metadata (13 kB)
Collecting pillow!=8.3.*,>=5.3.0 (from torchvision->sentence-transformers==2.2.2)
  Downloading pillow-11.2.1-cp311-cp311-manylinux_2_28_aarch64.whl.metadata (8.9 kB)
Requirement already satisfied: gitdb<5,>=4.0.1 in /usr/local/lib/python3.11/site-packages (from gitpython<4,>=3.0.8->python-semantic-release==7.33.2->supabase==1.0.3) (4.0.12)
Requirement already satisfied: annotated-types>=0.6.0 in /usr/local/lib/python3.11/site-packages (from pydantic<3,>=1.10->gotrue<2.0.0,>=1.0.1->supabase==1.0.3) (0.7.0)
Requirement already satisfied: pydantic-core==2.33.1 in /usr/local/lib/python3.11/site-packages (from pydantic<3,>=1.10->gotrue<2.0.0,>=1.0.1->supabase==1.0.3) (2.33.1)
Requirement already satisfied: typing-inspection>=0.4.0 in /usr/local/lib/python3.11/site-packages (from pydantic<3,>=1.10->gotrue<2.0.0,>=1.0.1->supabase==1.0.3) (0.4.0)
Requirement already satisfied: six>=1.5 in /usr/local/lib/python3.11/site-packages (from python-dateutil<3.0.0,>=2.8.1->realtime<2.0.0,>=1.0.0->supabase==1.0.3) (1.17.0)
Collecting requests-toolbelt>=0.10.1 (from python-gitlab<4,>=2->python-semantic-release==7.33.2->supabase==1.0.3)
  Downloading requests_toolbelt-1.0.0-py2.py3-none-any.whl.metadata (14 kB)
Requirement already satisfied: charset-normalizer<4,>=2 in /usr/local/lib/python3.11/site-packages (from requests<3,>=2.25->python-semantic-release==7.33.2->supabase==1.0.3) (3.4.1)
Requirement already satisfied: urllib3<3,>=1.21.1 in /usr/local/lib/python3.11/site-packages (from requests<3,>=2.25->python-semantic-release==7.33.2->supabase==1.0.3) (2.3.0)
Collecting mpmath<1.4,>=1.1.0 (from sympy>=1.13.3->torch>=1.6.0->sentence-transformers==2.2.2)
  Downloading mpmath-1.3.0-py3-none-any.whl.metadata (8.6 kB)
Collecting pkginfo>=1.8.1 (from twine<4,>=3->python-semantic-release==7.33.2->supabase==1.0.3)
  Downloading pkginfo-1.12.1.2-py3-none-any.whl.metadata (13 kB)
Collecting readme-renderer>=21.0 (from twine<4,>=3->python-semantic-release==7.33.2->supabase==1.0.3)
  Downloading readme_renderer-44.0-py3-none-any.whl.metadata (2.8 kB)
Collecting importlib-metadata>=3.6 (from twine<4,>=3->python-semantic-release==7.33.2->supabase==1.0.3)
  Downloading importlib_metadata-8.7.0-py3-none-any.whl.metadata (4.8 kB)
Collecting keyring>=15.1 (from twine<4,>=3->python-semantic-release==7.33.2->supabase==1.0.3)
  Downloading keyring-25.6.0-py3-none-any.whl.metadata (20 kB)
Collecting colorama>=0.4.3 (from twine<4,>=3->python-semantic-release==7.33.2->supabase==1.0.3)
  Downloading colorama-0.4.6-py2.py3-none-any.whl.metadata (17 kB)
Collecting MarkupSafe>=2.0 (from jinja2->torch>=1.6.0->sentence-transformers==2.2.2)
  Downloading MarkupSafe-3.0.2-cp311-cp311-manylinux_2_17_aarch64.manylinux2014_aarch64.whl.metadata (4.0 kB)
Requirement already satisfied: smmap<6,>=3.0.1 in /usr/local/lib/python3.11/site-packages (from gitdb<5,>=4.0.1->gitpython<4,>=3.0.8->python-semantic-release==7.33.2->supabase==1.0.3) (5.0.2)
Collecting zipp>=3.20 (from importlib-metadata>=3.6->twine<4,>=3->python-semantic-release==7.33.2->supabase==1.0.3)
  Downloading zipp-3.22.0-py3-none-any.whl.metadata (3.6 kB)
Collecting SecretStorage>=3.2 (from keyring>=15.1->twine<4,>=3->python-semantic-release==7.33.2->supabase==1.0.3)
  Downloading SecretStorage-3.3.3-py3-none-any.whl.metadata (4.0 kB)
Collecting jeepney>=0.4.2 (from keyring>=15.1->twine<4,>=3->python-semantic-release==7.33.2->supabase==1.0.3)
  Downloading jeepney-0.9.0-py3-none-any.whl.metadata (1.2 kB)
Collecting jaraco.classes (from keyring>=15.1->twine<4,>=3->python-semantic-release==7.33.2->supabase==1.0.3)
  Downloading jaraco.classes-3.4.0-py3-none-any.whl.metadata (2.6 kB)
Collecting jaraco.functools (from keyring>=15.1->twine<4,>=3->python-semantic-release==7.33.2->supabase==1.0.3)
  Downloading jaraco.functools-4.1.0-py3-none-any.whl.metadata (2.9 kB)
Collecting jaraco.context (from keyring>=15.1->twine<4,>=3->python-semantic-release==7.33.2->supabase==1.0.3)
  Downloading jaraco.context-6.0.1-py3-none-any.whl.metadata (4.1 kB)
Collecting nh3>=0.2.14 (from readme-renderer>=21.0->twine<4,>=3->python-semantic-release==7.33.2->supabase==1.0.3)
  Downloading nh3-0.2.21-cp38-abi3-manylinux_2_17_aarch64.manylinux2014_aarch64.whl.metadata (2.0 kB)
Collecting docutils>=0.21.2 (from readme-renderer>=21.0->twine<4,>=3->python-semantic-release==7.33.2->supabase==1.0.3)
  Downloading docutils-0.21.2-py3-none-any.whl.metadata (2.8 kB)
Requirement already satisfied: Pygments>=2.5.1 in /usr/local/lib/python3.11/site-packages (from readme-renderer>=21.0->twine<4,>=3->python-semantic-release==7.33.2->supabase==1.0.3) (2.19.1)
Requirement already satisfied: cryptography>=2.0 in /usr/local/lib/python3.11/site-packages (from SecretStorage>=3.2->keyring>=15.1->twine<4,>=3->python-semantic-release==7.33.2->supabase==1.0.3) (44.0.2)
Collecting more-itertools (from jaraco.classes->keyring>=15.1->twine<4,>=3->python-semantic-release==7.33.2->supabase==1.0.3)
  Downloading more_itertools-10.7.0-py3-none-any.whl.metadata (37 kB)
Collecting backports.tarfile (from jaraco.context->keyring>=15.1->twine<4,>=3->python-semantic-release==7.33.2->supabase==1.0.3)
  Downloading backports.tarfile-1.2.0-py3-none-any.whl.metadata (2.0 kB)
Requirement already satisfied: cffi>=1.12 in /usr/local/lib/python3.11/site-packages (from cryptography>=2.0->SecretStorage>=3.2->keyring>=15.1->twine<4,>=3->python-semantic-release==7.33.2->supabase==1.0.3) (1.17.1)
Requirement already satisfied: pycparser in /usr/local/lib/python3.11/site-packages (from cffi>=1.12->cryptography>=2.0->SecretStorage>=3.2->keyring>=15.1->twine<4,>=3->python-semantic-release==7.33.2->supabase==1.0.3) (2.22)
Downloading supabase-1.0.3-py3-none-any.whl (11 kB)
Downloading python_semantic_release-7.33.2-py3-none-any.whl (55 kB)
   ━━━━━━━━━━━━━━━━━━━━━━━━━━━━━━━━━━━━━━━━ 55.1/55.1 kB 6.4 MB/s eta 0:00:00
Downloading httpx-0.23.3-py3-none-any.whl (71 kB)
   ━━━━━━━━━━━━━━━━━━━━━━━━━━━━━━━━━━━━━━━━ 71.5/71.5 kB 8.8 MB/s eta 0:00:00
Downloading gotrue-1.3.1-py3-none-any.whl (42 kB)
   ━━━━━━━━━━━━━━━━━━━━━━━━━━━━━━━━━━━━━━━━ 42.3/42.3 kB 4.5 MB/s eta 0:00:00
Downloading httpcore-0.16.3-py3-none-any.whl (69 kB)
   ━━━━━━━━━━━━━━━━━━━━━━━━━━━━━━━━━━━━━━━━ 69.6/69.6 kB 9.1 MB/s eta 0:00:00
Downloading huggingface_hub-0.32.1-py3-none-any.whl (509 kB)
   ━━━━━━━━━━━━━━━━━━━━━━━━━━━━━━━━━━━━━━━━ 509.4/509.4 kB 19.0 MB/s eta 0:00:00
Downloading postgrest-0.10.7-py3-none-any.whl (18 kB)
Downloading realtime-1.0.6-py3-none-any.whl (9.0 kB)
Downloading rfc3986-1.5.0-py2.py3-none-any.whl (31 kB)
Downloading storage3-0.5.3-py3-none-any.whl (14 kB)
Downloading supafunc-0.2.2-py3-none-any.whl (2.8 kB)
Downloading torch-2.7.0-cp311-cp311-manylinux_2_28_aarch64.whl (99.2 MB)
   ━━━━━━━━━━━━━━━━━━━━━━━━━━━━━━━━━━━━━━━━ 99.2/99.2 MB 17.0 MB/s eta 0:00:00
Using cached tqdm-4.67.1-py3-none-any.whl (78 kB)
Downloading transformers-4.52.3-py3-none-any.whl (10.5 MB)
   ━━━━━━━━━━━━━━━━━━━━━━━━━━━━━━━━━━━━━━━━ 10.5/10.5 MB 106.7 MB/s eta 0:00:00
Downloading nltk-3.9.1-py3-none-any.whl (1.5 MB)
   ━━━━━━━━━━━━━━━━━━━━━━━━━━━━━━━━━━━━━━━━ 1.5/1.5 MB 67.5 MB/s eta 0:00:00
Downloading scikit_learn-1.6.1-cp311-cp311-manylinux_2_17_aarch64.manylinux2014_aarch64.whl (12.6 MB)
   ━━━━━━━━━━━━━━━━━━━━━━━━━━━━━━━━━━━━━━━━ 12.6/12.6 MB 55.6 MB/s eta 0:00:00
Downloading scipy-1.15.3-cp311-cp311-manylinux_2_17_aarch64.manylinux2014_aarch64.whl (35.5 MB)
   ━━━━━━━━━━━━━━━━━━━━━━━━━━━━━━━━━━━━━━━━ 35.5/35.5 MB 36.3 MB/s eta 0:00:00
Downloading sentencepiece-0.2.0-cp311-cp311-manylinux_2_17_aarch64.manylinux2014_aarch64.whl (1.3 MB)
   ━━━━━━━━━━━━━━━━━━━━━━━━━━━━━━━━━━━━━━━━ 1.3/1.3 MB 75.6 MB/s eta 0:00:00
Downloading torchvision-0.22.0-cp311-cp311-manylinux_2_28_aarch64.whl (2.5 MB)
   ━━━━━━━━━━━━━━━━━━━━━━━━━━━━━━━━━━━━━━━━ 2.5/2.5 MB 90.8 MB/s eta 0:00:00
Downloading click_log-0.4.0-py2.py3-none-any.whl (4.3 kB)
Downloading deprecation-2.1.0-py2.py3-none-any.whl (11 kB)
Downloading dotty_dict-1.3.1-py3-none-any.whl (7.0 kB)
Downloading fsspec-2025.5.1-py3-none-any.whl (199 kB)
   ━━━━━━━━━━━━━━━━━━━━━━━━━━━━━━━━━━━━━━━━ 199.1/199.1 kB 17.1 MB/s eta 0:00:00
Downloading hf_xet-1.1.2-cp37-abi3-manylinux_2_28_aarch64.whl (5.4 MB)
   ━━━━━━━━━━━━━━━━━━━━━━━━━━━━━━━━━━━━━━━━ 5.4/5.4 MB 105.8 MB/s eta 0:00:00
Downloading invoke-1.7.3-py3-none-any.whl (216 kB)
   ━━━━━━━━━━━━━━━━━━━━━━━━━━━━━━━━━━━━━━━━ 216.4/216.4 kB 14.0 MB/s eta 0:00:00
Downloading joblib-1.5.1-py3-none-any.whl (307 kB)
   ━━━━━━━━━━━━━━━━━━━━━━━━━━━━━━━━━━━━━━━━ 307.7/307.7 kB 28.6 MB/s eta 0:00:00
Downloading pillow-11.2.1-cp311-cp311-manylinux_2_28_aarch64.whl (4.5 MB)
   ━━━━━━━━━━━━━━━━━━━━━━━━━━━━━━━━━━━━━━━━ 4.5/4.5 MB 103.6 MB/s eta 0:00:00
Downloading python_gitlab-3.15.0-py3-none-any.whl (135 kB)
   ━━━━━━━━━━━━━━━━━━━━━━━━━━━━━━━━━━━━━━━━ 135.9/135.9 kB 17.8 MB/s eta 0:00:00
Downloading PyYAML-6.0.2-cp311-cp311-manylinux_2_17_aarch64.manylinux2014_aarch64.whl (736 kB)
   ━━━━━━━━━━━━━━━━━━━━━━━━━━━━━━━━━━━━━━━━ 736.8/736.8 kB 19.6 MB/s eta 0:00:00
Downloading regex-2024.11.6-cp311-cp311-manylinux_2_17_aarch64.manylinux2014_aarch64.whl (792 kB)
   ━━━━━━━━━━━━━━━━━━━━━━━━━━━━━━━━━━━━━━━━ 792.1/792.1 kB 59.8 MB/s eta 0:00:00
Downloading safetensors-0.5.3-cp38-abi3-manylinux_2_17_aarch64.manylinux2014_aarch64.whl (459 kB)
   ━━━━━━━━━━━━━━━━━━━━━━━━━━━━━━━━━━━━━━━━ 459.5/459.5 kB 12.3 MB/s eta 0:00:00
Downloading semver-2.13.0-py2.py3-none-any.whl (12 kB)
Downloading StrEnum-0.4.15-py3-none-any.whl (8.9 kB)
Downloading sympy-1.14.0-py3-none-any.whl (6.3 MB)
   ━━━━━━━━━━━━━━━━━━━━━━━━━━━━━━━━━━━━━━━━ 6.3/6.3 MB 108.4 MB/s eta 0:00:00
Downloading threadpoolctl-3.6.0-py3-none-any.whl (18 kB)
Downloading tokenizers-0.21.1-cp39-abi3-manylinux_2_17_aarch64.manylinux2014_aarch64.whl (2.9 MB)
   ━━━━━━━━━━━━━━━━━━━━━━━━━━━━━━━━━━━━━━━━ 2.9/2.9 MB 93.3 MB/s eta 0:00:00
Downloading tomlkit-0.13.2-py3-none-any.whl (37 kB)
Downloading twine-3.8.0-py3-none-any.whl (36 kB)
Downloading websockets-12.0-cp311-cp311-manylinux_2_17_aarch64.manylinux2014_aarch64.whl (131 kB)
   ━━━━━━━━━━━━━━━━━━━━━━━━━━━━━━━━━━━━━━━━ 131.5/131.5 kB 17.5 MB/s eta 0:00:00
Downloading filelock-3.18.0-py3-none-any.whl (16 kB)
Downloading jinja2-3.1.6-py3-none-any.whl (134 kB)
   ━━━━━━━━━━━━━━━━━━━━━━━━━━━━━━━━━━━━━━━━ 134.9/134.9 kB 18.7 MB/s eta 0:00:00
Downloading networkx-3.4.2-py3-none-any.whl (1.7 MB)
   ━━━━━━━━━━━━━━━━━━━━━━━━━━━━━━━━━━━━━━━━ 1.7/1.7 MB 77.4 MB/s eta 0:00:00
Downloading colorama-0.4.6-py2.py3-none-any.whl (25 kB)
Downloading importlib_metadata-8.7.0-py3-none-any.whl (27 kB)
Downloading keyring-25.6.0-py3-none-any.whl (39 kB)
Downloading MarkupSafe-3.0.2-cp311-cp311-manylinux_2_17_aarch64.manylinux2014_aarch64.whl (23 kB)
Downloading mpmath-1.3.0-py3-none-any.whl (536 kB)
   ━━━━━━━━━━━━━━━━━━━━━━━━━━━━━━━━━━━━━━━━ 536.2/536.2 kB 52.1 MB/s eta 0:00:00
Downloading pkginfo-1.12.1.2-py3-none-any.whl (32 kB)
Downloading readme_renderer-44.0-py3-none-any.whl (13 kB)
Downloading requests_toolbelt-1.0.0-py2.py3-none-any.whl (54 kB)
   ━━━━━━━━━━━━━━━━━━━━━━━━━━━━━━━━━━━━━━━━ 54.5/54.5 kB 6.5 MB/s eta 0:00:00
Downloading docutils-0.21.2-py3-none-any.whl (587 kB)
   ━━━━━━━━━━━━━━━━━━━━━━━━━━━━━━━━━━━━━━━━ 587.4/587.4 kB 50.5 MB/s eta 0:00:00
Downloading jeepney-0.9.0-py3-none-any.whl (49 kB)
   ━━━━━━━━━━━━━━━━━━━━━━━━━━━━━━━━━━━━━━━━ 49.0/49.0 kB 6.0 MB/s eta 0:00:00
Downloading nh3-0.2.21-cp38-abi3-manylinux_2_17_aarch64.manylinux2014_aarch64.whl (758 kB)
   ━━━━━━━━━━━━━━━━━━━━━━━━━━━━━━━━━━━━━━━━ 758.3/758.3 kB 49.8 MB/s eta 0:00:00
Downloading SecretStorage-3.3.3-py3-none-any.whl (15 kB)
Downloading zipp-3.22.0-py3-none-any.whl (9.8 kB)
Downloading jaraco.classes-3.4.0-py3-none-any.whl (6.8 kB)
Downloading jaraco.context-6.0.1-py3-none-any.whl (6.8 kB)
Downloading jaraco.functools-4.1.0-py3-none-any.whl (10 kB)
Downloading backports.tarfile-1.2.0-py3-none-any.whl (30 kB)
Downloading more_itertools-10.7.0-py3-none-any.whl (65 kB)
   ━━━━━━━━━━━━━━━━━━━━━━━━━━━━━━━━━━━━━━━━ 65.3/65.3 kB 8.2 MB/s eta 0:00:00
Building wheels for collected packages: sentence-transformers
  Building wheel for sentence-transformers (setup.py): started
  Building wheel for sentence-transformers (setup.py): finished with status 'done'
  Created wheel for sentence-transformers: filename=sentence_transformers-2.2.2-py3-none-any.whl size=125923 sha256=80c6d1aef826f1c900de66a6941fd70f4a3e41e089061106755a6765247d9d52
  Stored in directory: /root/.cache/pip/wheels/ff/27/bf/ffba8b318b02d7f691a57084ee154e26ed24d012b0c7805881
Successfully built sentence-transformers
Installing collected packages: strenum, sentencepiece, rfc3986, mpmath, invoke, zipp, websockets, tqdm, tomlkit, threadpoolctl, sympy, semver, scipy, safetensors, regex, pyyaml, pkginfo, pillow, nh3, networkx, more-itertools, MarkupSafe, joblib, jeepney, hf-xet, fsspec, filelock, dotty-dict, docutils, deprecation, colorama, click-log, backports.tarfile, scikit-learn, requests-toolbelt, realtime, readme-renderer, nltk, jinja2, jaraco.functools, jaraco.context, jaraco.classes, importlib-metadata, huggingface-hub, httpcore, torch, tokenizers, SecretStorage, python-gitlab, httpx, transformers, torchvision, supafunc, storage3, postgrest, keyring, gotrue, twine, sentence-transformers, python-semantic-release, supabase
